
################################################################################
#                                                                              #
#                                                                              #
#                         Logger Pauwels demonstration                         #
#                                                                              #
#                                                                              #
################################################################################

[LOG]	 19/11/2025, 14:35:22	- Debut des logs

[LOG]	 00:00:00.000	- Testing log system


................................. Progress bar .................................

[SUCCES] 00:00:05.666	- Loading bar: OK

################################################################################
#                                                                              #
#                                 Waiting time                                 #
#                                                                              #
################################################################################

[SUCCES] 00:00:11.289	- Waiting ended

################################################################################
#                                                                              #
#                            Thanks for using me :D                            #
#                                                                              #
################################################################################



================================= END OF LOGS ==================================

[LOG]	 ............	- Execution time: 11s 289ms

